<?xml version="1.0" encoding="UTF-8"?>
<!-- Generated by org.testng.reporters.JUnitReportReporter -->
<testsuite hostname="ASCENDI-Q7AV3S1" failures="0" tests="1" name="com.browserstack.tests.VendorFilterAppTest" time="33.607" errors="0" timestamp="2025-10-30T17:57:47 IST" skipped="0">
  <testcase classname="com.browserstack.tests.VendorFilterAppTest" name="loginAddToCartLogout" time="33.607"/>
</testsuite> <!-- com.browserstack.tests.VendorFilterAppTest -->
