<?xml version="1.0" encoding="UTF-8"?>
<!-- Generated by org.testng.reporters.JUnitReportReporter -->
<testsuite hostname="ASCENDI-Q7AV3S1" failures="0" tests="1" name="com.browserstack.tests.WikipediaTest" time="10.005" errors="0" timestamp="2025-10-27T14:22:42 IST" skipped="0">
  <testcase classname="com.browserstack.tests.WikipediaTest" name="testWikipediaSearch" time="10.005"/>
</testsuite> <!-- com.browserstack.tests.WikipediaTest -->
