<?xml version="1.0" encoding="UTF-8"?>
<!-- Generated by org.testng.reporters.JUnitReportReporter -->
<testsuite hostname="ASCINLAP64987" failures="0" tests="1" name="project.LoginTest" time="31.654" errors="0" timestamp="2025-10-30T20:11:22 IST" skipped="0">
  <testcase classname="project.LoginTest" name="verifyVendorFilterFunctionality" time="31.654"/>
</testsuite> <!-- project.LoginTest -->
