<?xml version="1.0" encoding="UTF-8"?>
<!-- Generated by org.testng.reporters.JUnitReportReporter -->
<testsuite hostname="ASCENDI-US62HPG" failures="0" tests="1" name="browserstackwebapp.TestCase2" time="39.410" errors="0" timestamp="2025-10-30T14:18:49 IST" skipped="0">
  <testcase classname="browserstackwebapp.TestCase2" name="logoutTest" time="39.410"/>
</testsuite> <!-- browserstackwebapp.TestCase2 -->
