<?xml version="1.0" encoding="UTF-8"?>
<!-- Generated by org.testng.reporters.JUnitReportReporter -->
<testsuite hostname="ASCENDI-US62HPG" failures="0" tests="1" name="browserstackwebapp.TestCase2" time="28.452" errors="0" timestamp="2025-10-31T00:50:40 IST" skipped="0">
  <testcase classname="browserstackwebapp.TestCase2" name="logoutTest" time="28.452"/>
</testsuite> <!-- browserstackwebapp.TestCase2 -->
